# JRE version: Java(TM) SE Runtime Environment (8.0_51-b16) (build 1.8.0_51-b16)
# Java VM: Java HotSpot(TM) 64-Bit Server VM (25.51-b03 mixed mode windows-amd64 compressed oops)
Heap:
 PSYoungGen      total 445440K, used 53580K [0x00000000d5b80000, 0x00000000f2c80000, 0x0000000100000000)
  eden space 414720K, 11% used [0x00000000d5b80000,0x00000000d8a6b1f8,0x00000000ef080000)
  from space 30720K, 18% used [0x00000000ef080000,0x00000000ef5e81b0,0x00000000f0e80000)
  to   space 29184K, 0% used [0x00000000f1000000,0x00000000f1000000,0x00000000f2c80000)
 ParOldGen       total 87552K, used 60156K [0x0000000081200000, 0x0000000086780000, 0x00000000d5b80000)
  object space 87552K, 68% used [0x0000000081200000,0x0000000084cbf0b0,0x0000000086780000)
 Metaspace       used 13741K, capacity 13917K, committed 14208K, reserved 1062912K
  class space    used 1499K, capacity 1567K, committed 1664K, reserved 1048576K
GC Heap History (10 events):
Event: 16.768 GC heap before
{Heap before GC invocations=7 (full 0):
 PSYoungGen      total 143872K, used 141332K [0x00000000d5b80000, 0x00000000df680000, 0x0000000100000000)
  eden space 132096K, 99% used [0x00000000d5b80000,0x00000000ddb9b3c0,0x00000000ddc80000)
  from space 11776K, 86% used [0x00000000de900000,0x00000000df2e9d38,0x00000000df480000)
  to   space 12800K, 0% used [0x00000000ddc80000,0x00000000ddc80000,0x00000000de900000)
 ParOldGen       total 87552K, used 10863K [0x0000000081200000, 0x0000000086780000, 0x00000000d5b80000)
  object space 87552K, 12% used [0x0000000081200000,0x0000000081c9bce0,0x0000000086780000)
 Metaspace       used 12435K, capacity 12629K, committed 12800K, reserved 1060864K
  class space    used 1432K, capacity 1503K, committed 1536K, reserved 1048576K
Event: 16.799 GC heap after
Heap after GC invocations=7 (full 0):
 PSYoungGen      total 144896K, used 12777K [0x00000000d5b80000, 0x00000000e8680000, 0x0000000100000000)
  eden space 132096K, 0% used [0x00000000d5b80000,0x00000000d5b80000,0x00000000ddc80000)
  from space 12800K, 99% used [0x00000000ddc80000,0x00000000de8fa688,0x00000000de900000)
  to   space 20992K, 0% used [0x00000000e7200000,0x00000000e7200000,0x00000000e8680000)
 ParOldGen       total 87552K, used 23305K [0x0000000081200000, 0x0000000086780000, 0x00000000d5b80000)
  object space 87552K, 26% used [0x0000000081200000,0x00000000828c24c8,0x0000000086780000)
 Metaspace       used 12435K, capacity 12629K, committed 12800K, reserved 1060864K
  class space    used 1432K, capacity 1503K, committed 1536K, reserved 1048576K
}
Event: 17.096 GC heap before
{Heap before GC invocations=8 (full 0):
 PSYoungGen      total 144896K, used 144873K [0x00000000d5b80000, 0x00000000e8680000, 0x0000000100000000)
  eden space 132096K, 100% used [0x00000000d5b80000,0x00000000ddc80000,0x00000000ddc80000)
  from space 12800K, 99% used [0x00000000ddc80000,0x00000000de8fa688,0x00000000de900000)
  to   space 20992K, 0% used [0x00000000e7200000,0x00000000e7200000,0x00000000e8680000)
 ParOldGen       total 87552K, used 23305K [0x0000000081200000, 0x0000000086780000, 0x00000000d5b80000)
  object space 87552K, 26% used [0x0000000081200000,0x00000000828c24c8,0x0000000086780000)
 Metaspace       used 12436K, capacity 12629K, committed 12800K, reserved 1060864K
  class space    used 1432K, capacity 1503K, committed 1536K, reserved 1048576K
Event: 17.118 GC heap after
Heap after GC invocations=8 (full 0):
 PSYoungGen      total 280064K, used 20986K [0x00000000d5b80000, 0x00000000e9080000, 0x0000000100000000)
  eden space 259072K, 0% used [0x00000000d5b80000,0x00000000d5b80000,0x00000000e5880000)
  from space 20992K, 99% used [0x00000000e7200000,0x00000000e867eb18,0x00000000e8680000)
  to   space 26112K, 0% used [0x00000000e5880000,0x00000000e5880000,0x00000000e7200000)
 ParOldGen       total 87552K, used 26929K [0x0000000081200000, 0x0000000086780000, 0x00000000d5b80000)
  object space 87552K, 30% used [0x0000000081200000,0x0000000082c4c4c8,0x0000000086780000)
 Metaspace       used 12436K, capacity 12629K, committed 12800K, reserved 1060864K
  class space    used 1432K, capacity 1503K, committed 1536K, reserved 1048576K
}
Event: 18.106 GC heap before
{Heap before GC invocations=9 (full 0):
 PSYoungGen      total 280064K, used 280058K [0x00000000d5b80000, 0x00000000e9080000, 0x0000000100000000)
  eden space 259072K, 100% used [0x00000000d5b80000,0x00000000e5880000,0x00000000e5880000)
  from space 20992K, 99% used [0x00000000e7200000,0x00000000e867eb18,0x00000000e8680000)
  to   space 26112K, 0% used [0x00000000e5880000,0x00000000e5880000,0x00000000e7200000)
 ParOldGen       total 87552K, used 26929K [0x0000000081200000, 0x0000000086780000, 0x00000000d5b80000)
  object space 87552K, 30% used [0x0000000081200000,0x0000000082c4c4c8,0x0000000086780000)
 Metaspace       used 12906K, capacity 13109K, committed 13312K, reserved 1060864K
  class space    used 1484K, capacity 1535K, committed 1536K, reserved 1048576K
Event: 18.142 GC heap after
Heap after GC invocations=9 (full 0):
 PSYoungGen      total 285184K, used 26087K [0x00000000d5b80000, 0x00000000f2f80000, 0x0000000100000000)
  eden space 259072K, 0% used [0x00000000d5b80000,0x00000000d5b80000,0x00000000e5880000)
  from space 26112K, 99% used [0x00000000e5880000,0x00000000e71f9d10,0x00000000e7200000)
  to   space 32256K, 0% used [0x00000000f1000000,0x00000000f1000000,0x00000000f2f80000)
 ParOldGen       total 87552K, used 32383K [0x0000000081200000, 0x0000000086780000, 0x00000000d5b80000)
  object space 87552K, 36% used [0x0000000081200000,0x000000008319fcd8,0x0000000086780000)
 Metaspace       used 12906K, capacity 13109K, committed 13312K, reserved 1060864K
  class space    used 1484K, capacity 1535K, committed 1536K, reserved 1048576K
}
Event: 18.465 GC heap before
{Heap before GC invocations=10 (full 0):
 PSYoungGen      total 285184K, used 285159K [0x00000000d5b80000, 0x00000000f2f80000, 0x0000000100000000)
  eden space 259072K, 100% used [0x00000000d5b80000,0x00000000e5880000,0x00000000e5880000)
  from space 26112K, 99% used [0x00000000e5880000,0x00000000e71f9d10,0x00000000e7200000)
  to   space 32256K, 0% used [0x00000000f1000000,0x00000000f1000000,0x00000000f2f80000)
 ParOldGen       total 87552K, used 32383K [0x0000000081200000, 0x0000000086780000, 0x00000000d5b80000)
  object space 87552K, 36% used [0x0000000081200000,0x000000008319fcd8,0x0000000086780000)
 Metaspace       used 12911K, capacity 13109K, committed 13312K, reserved 1060864K
  class space    used 1484K, capacity 1535K, committed 1536K, reserved 1048576K
Event: 18.495 GC heap after
Heap after GC invocations=10 (full 0):
 PSYoungGen      total 443904K, used 14717K [0x00000000d5b80000, 0x00000000f2c80000, 0x0000000100000000)
  eden space 414720K, 0% used [0x00000000d5b80000,0x00000000d5b80000,0x00000000ef080000)
  from space 29184K, 50% used [0x00000000f1000000,0x00000000f1e5f5d0,0x00000000f2c80000)
  to   space 30720K, 0% used [0x00000000ef080000,0x00000000ef080000,0x00000000f0e80000)
 ParOldGen       total 87552K, used 47578K [0x0000000081200000, 0x0000000086780000, 0x00000000d5b80000)
  object space 87552K, 54% used [0x0000000081200000,0x0000000084076bd8,0x0000000086780000)
 Metaspace       used 12911K, capacity 13109K, committed 13312K, reserved 1060864K
  class space    used 1484K, capacity 1535K, committed 1536K, reserved 1048576K
}
Event: 37.124 GC heap before
{Heap before GC invocations=11 (full 0):
 PSYoungGen      total 443904K, used 429437K [0x00000000d5b80000, 0x00000000f2c80000, 0x0000000100000000)
  eden space 414720K, 100% used [0x00000000d5b80000,0x00000000ef080000,0x00000000ef080000)
  from space 29184K, 50% used [0x00000000f1000000,0x00000000f1e5f5d0,0x00000000f2c80000)
  to   space 30720K, 0% used [0x00000000ef080000,0x00000000ef080000,0x00000000f0e80000)
 ParOldGen       total 87552K, used 47578K [0x0000000081200000, 0x0000000086780000, 0x00000000d5b80000)
  object space 87552K, 54% used [0x0000000081200000,0x0000000084076bd8,0x0000000086780000)
 Metaspace       used 13741K, capacity 13917K, committed 14208K, reserved 1062912K
  class space    used 1498K, capacity 1567K, committed 1664K, reserved 1048576K
Event: 37.147 GC heap after
Heap after GC invocations=11 (full 0):
 PSYoungGen      total 445440K, used 5536K [0x00000000d5b80000, 0x00000000f2c80000, 0x0000000100000000)
  eden space 414720K, 0% used [0x00000000d5b80000,0x00000000d5b80000,0x00000000ef080000)
  from space 30720K, 18% used [0x00000000ef080000,0x00000000ef5e81b0,0x00000000f0e80000)
  to   space 29184K, 0% used [0x00000000f1000000,0x00000000f1000000,0x00000000f2c80000)
 ParOldGen       total 87552K, used 60156K [0x0000000081200000, 0x0000000086780000, 0x00000000d5b80000)
  object space 87552K, 68% used [0x0000000081200000,0x0000000084cbf0b0,0x0000000086780000)
 Metaspace       used 13741K, capacity 13917K, committed 14208K, reserved 1062912K
  class space    used 1498K, capacity 1567K, committed 1664K, reserved 1048576K
}

